This is pdfTeX, Version 3.141592653-2.6-1.40.26 (TeX Live 2024/Arch Linux) (preloaded format=pdflatex 2024.6.8)  26 JUN 2024 10:04
entering extended mode
 restricted \write18 enabled.
 %&-line parsing enabled.
**/home/italo/.config/nvim/lua/plugins_conf/treesitter.lua
(/home/italo/.config/nvim/lua/plugins_conf/treesitter.lua
LaTeX2e <2023-11-01> patch level 1
L3 programming layer <2024-02-20>

! LaTeX Error: Missing \begin{document}.

See the LaTeX manual or LaTeX Companion for explanation.
Type  H <return>  for immediate help.
 ...                                              
                                                  
l.1 r
     equire"nvim-treesitter.highlight"
? 
! Emergency stop.
 ...                                              
                                                  
l.1 r
     equire"nvim-treesitter.highlight"
You're in trouble here.  Try typing  <return>  to proceed.
If that doesn't work, type  X <return>  to quit.

 
Here is how much of TeX's memory you used:
 19 strings out of 476076
 667 string characters out of 5793776
 1925187 words of memory out of 5000000
 22223 multiletter control sequences out of 15000+600000
 558069 words of font info for 36 fonts, out of 8000000 for 9000
 14 hyphenation exceptions out of 8191
 15i,0n,18p,126b,14s stack positions out of 10000i,1000n,20000p,200000b,200000s
!  ==> Fatal error occurred, no output PDF file produced!
